This is e-upTeX, Version 3.14159265-p3.8.1-u1.23-180226-2.6 (utf8.uptex) (TeX Live 2018) (preloaded format=uplatex 2019.4.16)  17 APR 2019 12:18
entering extended mode
 restricted \write18 enabled.
 file:line:error style messages enabled.
 %&-line parsing enabled.
**main.tex
(./main.tex
pLaTeX2e <2018-12-01u02> (based on LaTeX2e <2018-12-01>)
(/usr/local/texlive/2018/texmf-dist/tex/latex/base/article.cls
Document Class: article 2018/09/03 v1.4i Standard LaTeX document class
(/usr/local/texlive/2018/texmf-dist/tex/latex/base/size10.clo
File: size10.clo 2018/09/03 v1.4i Standard LaTeX file (size option)
LaTeX Font Info:    Font shape `JT2/mc/m/n' will be
(Font)              scaled to size 9.6222pt on input line 54.
LaTeX Font Info:    Font shape `JY2/mc/m/n' will be
(Font)              scaled to size 9.6222pt on input line 54.
)
\c@part=\count83
\c@section=\count84
\c@subsection=\count85
\c@subsubsection=\count86
\c@paragraph=\count87
\c@subparagraph=\count88
\c@figure=\count89
\c@table=\count90
\abovecaptionskip=\skip41
\belowcaptionskip=\skip42
\bibindent=\dimen118
) (/usr/local/texlive/2018/texmf-dist/tex/latex/amsmath/amsmath.sty
Package: amsmath 2018/12/01 v2.17b AMS math features
\@mathmargin=\skip43

For additional information on amsmath, use the `?' option.
(/usr/local/texlive/2018/texmf-dist/tex/latex/amsmath/amstext.sty
Package: amstext 2000/06/29 v2.01 AMS text
 (/usr/local/texlive/2018/texmf-dist/tex/latex/amsmath/amsgen.sty
File: amsgen.sty 1999/11/30 v2.0 generic functions
\@emptytoks=\toks15
\ex@=\dimen119
)) (/usr/local/texlive/2018/texmf-dist/tex/latex/amsmath/amsbsy.sty
Package: amsbsy 1999/11/29 v1.2d Bold Symbols
\pmbraise@=\dimen120
) (/usr/local/texlive/2018/texmf-dist/tex/latex/amsmath/amsopn.sty
Package: amsopn 2016/03/08 v2.02 operator names
)
\inf@bad=\count91
LaTeX Info: Redefining \frac on input line 223.
\uproot@=\count92
\leftroot@=\count93
LaTeX Info: Redefining \overline on input line 385.
\classnum@=\count94
\DOTSCASE@=\count95
LaTeX Info: Redefining \ldots on input line 482.
LaTeX Info: Redefining \dots on input line 485.
LaTeX Info: Redefining \cdots on input line 606.
\Mathstrutbox@=\box43
\strutbox@=\box44
\big@size=\dimen121
LaTeX Font Info:    Redeclaring font encoding OML on input line 729.
LaTeX Font Info:    Redeclaring font encoding OMS on input line 730.
\macc@depth=\count96
\c@MaxMatrixCols=\count97
\dotsspace@=\muskip10
\c@parentequation=\count98
\dspbrk@lvl=\count99
\tag@help=\toks16
\row@=\count100
\column@=\count101
\maxfields@=\count102
\andhelp@=\toks17
\eqnshift@=\dimen122
\alignsep@=\dimen123
\tagshift@=\dimen124
\tagwidth@=\dimen125
\totwidth@=\dimen126
\lineht@=\dimen127
\@envbody=\toks18
\multlinegap=\skip44
\multlinetaggap=\skip45
\mathdisplay@stack=\toks19
LaTeX Info: Redefining \[ on input line 2844.
LaTeX Info: Redefining \] on input line 2845.
) (/usr/local/texlive/2018/texmf-dist/tex/latex/amsfonts/amssymb.sty
Package: amssymb 2013/01/14 v3.01 AMS font symbols
 (/usr/local/texlive/2018/texmf-dist/tex/latex/amsfonts/amsfonts.sty
Package: amsfonts 2013/01/14 v3.01 Basic AMSFonts support
\symAMSa=\mathgroup4
\symAMSb=\mathgroup5
LaTeX Font Info:    Overwriting math alphabet `\mathfrak' in version `bold'
(Font)                  U/euf/m/n --> U/euf/b/n on input line 106.
)) (/usr/local/texlive/2018/texmf-dist/tex/latex/booktabs/booktabs.sty
Package: booktabs 2016/04/27 v1.618033 publication quality tables
\heavyrulewidth=\dimen128
\lightrulewidth=\dimen129
\cmidrulewidth=\dimen130
\belowrulesep=\dimen131
\belowbottomsep=\dimen132
\aboverulesep=\dimen133
\abovetopsep=\dimen134
\cmidrulesep=\dimen135
\cmidrulekern=\dimen136
\defaultaddspace=\dimen137
\@cmidla=\count103
\@cmidlb=\count104
\@aboverulesep=\dimen138
\@belowrulesep=\dimen139
\@thisruleclass=\count105
\@lastruleclass=\count106
\@thisrulewidth=\dimen140
) (/usr/local/texlive/2018/texmf-dist/tex/latex/tools/array.sty
Package: array 2018/12/30 v2.4k Tabular extension package (FMi)
\col@sep=\dimen141
\ar@mcellbox=\box45
\extrarowheight=\dimen142
\NC@list=\toks20
\extratabsurround=\skip46
\backup@length=\skip47
\ar@cellbox=\box46
) (./main.aux)
\openout1 = `main.aux'.

LaTeX Font Info:    Checking defaults for OML/cmm/m/it on input line 6.
LaTeX Font Info:    ... okay on input line 6.
LaTeX Font Info:    Checking defaults for T1/cmr/m/n on input line 6.
LaTeX Font Info:    ... okay on input line 6.
LaTeX Font Info:    Checking defaults for OT1/cmr/m/n on input line 6.
LaTeX Font Info:    ... okay on input line 6.
LaTeX Font Info:    Checking defaults for OMS/cmsy/m/n on input line 6.
LaTeX Font Info:    ... okay on input line 6.
LaTeX Font Info:    Checking defaults for OMX/cmex/m/n on input line 6.
LaTeX Font Info:    ... okay on input line 6.
LaTeX Font Info:    Checking defaults for U/cmr/m/n on input line 6.
LaTeX Font Info:    ... okay on input line 6.
LaTeX Font Info:    Checking defaults for JY2/mc/m/n on input line 6.
LaTeX Font Info:    ... okay on input line 6.
LaTeX Font Info:    Checking defaults for JT2/mc/m/n on input line 6.
LaTeX Font Info:    ... okay on input line 6.
LaTeX Font Info:    Font shape `JT2/mc/m/n' will be
(Font)              scaled to size 16.62714pt on input line 11.
LaTeX Font Info:    Font shape `JY2/mc/m/n' will be
(Font)              scaled to size 16.62714pt on input line 11.
LaTeX Font Info:    Font shape `JT2/mc/m/n' will be
(Font)              scaled to size 11.54663pt on input line 11.
LaTeX Font Info:    Font shape `JY2/mc/m/n' will be
(Font)              scaled to size 11.54663pt on input line 11.
LaTeX Font Info:    Try loading font information for U+msa on input line 11.
 (/usr/local/texlive/2018/texmf-dist/tex/latex/amsfonts/umsa.fd
File: umsa.fd 2013/01/14 v3.01 AMS symbols A
)
LaTeX Font Info:    Try loading font information for U+msb on input line 11.
 (/usr/local/texlive/2018/texmf-dist/tex/latex/amsfonts/umsb.fd
File: umsb.fd 2013/01/14 v3.01 AMS symbols B
)
LaTeX Font Info:    Font shape `JT2/mc/m/n' will be
(Font)              scaled to size 13.85594pt on input line 13.
LaTeX Font Info:    Font shape `JY2/mc/m/n' will be
(Font)              scaled to size 13.85594pt on input line 13.
LaTeX Font Info:    Font shape `JT2/mc/bx/n' in size <14.4> not available
(Font)              Font shape `JT2/gt/m/n' tried instead on input line 13.
LaTeX Font Info:    Font shape `JT2/gt/m/n' will be
(Font)              scaled to size 13.85594pt on input line 13.
LaTeX Font Info:    Font shape `JY2/mc/bx/n' in size <14.4> not available
(Font)              Font shape `JY2/gt/m/n' tried instead on input line 13.
LaTeX Font Info:    Font shape `JY2/gt/m/n' will be
(Font)              scaled to size 13.85594pt on input line 13.
LaTeX Font Info:    Font shape `JT2/mc/bx/n' in size <12> not available
(Font)              Font shape `JT2/gt/m/n' tried instead on input line 14.
LaTeX Font Info:    Font shape `JT2/gt/m/n' will be
(Font)              scaled to size 11.54663pt on input line 14.
LaTeX Font Info:    Font shape `JY2/mc/bx/n' in size <12> not available
(Font)              Font shape `JY2/gt/m/n' tried instead on input line 14.
LaTeX Font Info:    Font shape `JY2/gt/m/n' will be
(Font)              scaled to size 11.54663pt on input line 14.
 [1

] [2]
LaTeX Font Info:    Font shape `JT2/mc/m/n' will be
(Font)              scaled to size 6.73553pt on input line 202.
LaTeX Font Info:    Font shape `JY2/mc/m/n' will be
(Font)              scaled to size 6.73553pt on input line 202.


LaTeX Font Warning: Font shape `JT2/mc/m/it' undefined
(Font)              using `JT2/mc/m/n' instead on input line 220.


LaTeX Font Warning: Font shape `JY2/mc/m/it' undefined
(Font)              using `JY2/mc/m/n' instead on input line 220.

[3] [4] (./main.aux)

LaTeX Font Warning: Some font shapes were not available, defaults substituted.

 ) 
Here is how much of TeX's memory you used:
 1258 strings out of 493215
 14304 string characters out of 6144072
 83957 words of memory out of 5000000
 5281 multiletter control sequences out of 15000+600000
 15043 words of font info for 69 fonts, out of 8000000 for 9000
 929 hyphenation exceptions out of 8191
 27i,15n,27p,221b,260s stack positions out of 5000i,500n,10000p,200000b,80000s

Output written on main.dvi (4 pages, 6736 bytes).
